  [4;36;1mSQL (0.2ms)[0m   [0;1m SELECT name
 FROM sqlite_master
 WHERE type = 'table' AND NOT name = 'sqlite_sequence'
[0m
  [4;35;1mSQL (0.1ms)[0m   [0mselect sqlite_version(*)[0m
  [4;36;1mSQL (69.4ms)[0m   [0;1mCREATE TABLE "schema_migrations" ("version" varchar(255) NOT NULL) [0m
  [4;35;1mSQL (59.0ms)[0m   [0mCREATE UNIQUE INDEX "unique_schema_migrations" ON "schema_migrations" ("version")[0m
  [4;36;1mSQL (0.1ms)[0m   [0;1m SELECT name
 FROM sqlite_master
 WHERE type = 'table' AND NOT name = 'sqlite_sequence'
[0m
  [4;35;1mSQL (0.1ms)[0m   [0m SELECT name
 FROM sqlite_master
 WHERE type = 'table' AND NOT name = 'sqlite_sequence'
[0m
  [4;36;1mSQL (0.0ms)[0m   [0;1mSELECT version FROM schema_migrations[0m
  [4;35;1mSQL (0.1ms)[0m   [0m SELECT name
 FROM sqlite_master
 WHERE type = 'table' AND NOT name = 'sqlite_sequence'
[0m


Processing PostsController#index (for 127.0.0.1 at 2009-12-30 20:36:43) [GET]
Rendering template within layouts/application
Rendering posts/index
Completed in 51ms (View: 41, DB: 0) | 200 OK [http://localhost/]


Processing PostsController#new (for 127.0.0.1 at 2009-12-30 20:36:44) [GET]
Rendering template within layouts/application
Rendering posts/new
Completed in 10ms (View: 6, DB: 0) | 200 OK [http://localhost/posts/new]


Processing PostsController#new (for 127.0.0.1 at 2009-12-30 20:37:04) [GET]
Rendering template within layouts/application
Rendering posts/new

ActionView::TemplateError (Called id for nil, which would mistakenly be 4 -- if you really wanted the id of nil, use object_id) on line #3 of app/views/posts/_form.html.haml:
1: = error_messages_for :article
2: 
3: - form_for @article do |f|
4:   %p
5:     = f.label :title
6:     = f.text_field :title

    haml (2.2.15) lib/haml/helpers/action_view_mods.rb:170:in `form_for_with_haml'
    app/views/posts/_form.html.haml:3:in `_run_haml_app47views47posts47_form46html46haml_locals_form_object'
    haml (2.2.15) lib/haml/helpers/action_view_mods.rb:11:in `block in render_with_haml'
    haml (2.2.15) lib/haml/helpers.rb:96:in `non_haml'
    haml (2.2.15) lib/haml/helpers/action_view_mods.rb:11:in `render_with_haml'
    app/views/posts/new.html.haml:3:in `_run_haml_app47views47posts47new46html46haml'
    haml (2.2.15) lib/haml/helpers/action_view_mods.rb:13:in `render_with_haml'
    haml (2.2.15) lib/haml/helpers/action_view_mods.rb:13:in `render_with_haml'
    haml (2.2.15) lib/sass/plugin/rails.rb:19:in `process'
    <internal:prelude>:8:in `synchronize'
    thin (1.2.5) lib/thin/connection.rb:76:in `block in pre_process'
    thin (1.2.5) lib/thin/connection.rb:74:in `catch'
    thin (1.2.5) lib/thin/connection.rb:74:in `pre_process'
    thin (1.2.5) lib/thin/connection.rb:57:in `process'
    thin (1.2.5) lib/thin/connection.rb:42:in `receive_data'
    eventmachine (0.12.10) lib/eventmachine.rb:256:in `run_machine'
    eventmachine (0.12.10) lib/eventmachine.rb:256:in `run'
    thin (1.2.5) lib/thin/backends/base.rb:57:in `start'
    thin (1.2.5) lib/thin/server.rb:156:in `start'
    thin (1.2.5) lib/thin/controllers/controller.rb:80:in `start'
    thin (1.2.5) lib/thin/runner.rb:177:in `run_command'
    thin (1.2.5) lib/thin/runner.rb:143:in `run!'
    thin (1.2.5) bin/thin:6:in `<top (required)>'
    /usr/bin/thin:19:in `load'
    /usr/bin/thin:19:in `<main>'

Rendered rescues/_trace (56.6ms)
Rendered rescues/_request_and_response (0.9ms)
Rendering rescues/layout (internal_server_error)


Processing PostsController#index (for 127.0.0.1 at 2009-12-30 20:37:26) [GET]
Rendering template within layouts/application
Rendering posts/index
Completed in 40ms (View: 1, DB: 0) | 200 OK [http://localhost/]


Processing PostsController#new (for 127.0.0.1 at 2009-12-30 20:37:26) [GET]
Rendering template within layouts/application
Rendering posts/new
Rendered posts/_form (49.0ms)
Completed in 58ms (View: 54, DB: 0) | 200 OK [http://localhost/posts/new]


Processing PostsController#create (for 127.0.0.1 at 2009-12-30 20:37:39) [POST]
  Parameters: {"authenticity_token"=>"aLlsX+PB7GssrC//BtDxLpMJELinuSR2N0pMRRv5ZwY=", "post"=>{"title"=>"First post", "body"=>"With not alot of content."}, "commit"=>"Save"}
Redirected to http://localhost:3000/posts/4b3bac03196b74453f000001
Completed in 8ms (DB: 0) | 302 Found [http://localhost/posts]


Processing PostsController#show (for 127.0.0.1 at 2009-12-30 20:37:39) [GET]
  Parameters: {"id"=>"4b3bac03196b74453f000001"}

Errno::ENOENT (No such file or directory - /home/gigamo/Code/ruby/rails/hymir/app/views/posts/show.html.erb):
  haml (2.2.15) lib/sass/plugin/rails.rb:19:in `process'
  <internal:prelude>:8:in `synchronize'
  thin (1.2.5) lib/thin/connection.rb:76:in `block in pre_process'
  thin (1.2.5) lib/thin/connection.rb:74:in `catch'
  thin (1.2.5) lib/thin/connection.rb:74:in `pre_process'
  thin (1.2.5) lib/thin/connection.rb:57:in `process'
  thin (1.2.5) lib/thin/connection.rb:42:in `receive_data'
  eventmachine (0.12.10) lib/eventmachine.rb:256:in `run_machine'
  eventmachine (0.12.10) lib/eventmachine.rb:256:in `run'
  thin (1.2.5) lib/thin/backends/base.rb:57:in `start'
  thin (1.2.5) lib/thin/server.rb:156:in `start'
  thin (1.2.5) lib/thin/controllers/controller.rb:80:in `start'
  thin (1.2.5) lib/thin/runner.rb:177:in `run_command'
  thin (1.2.5) lib/thin/runner.rb:143:in `run!'
  thin (1.2.5) bin/thin:6:in `<top (required)>'
  /usr/bin/thin:19:in `load'
  /usr/bin/thin:19:in `<main>'

Rendered rescues/_trace (39.8ms)
Rendered rescues/_request_and_response (0.2ms)
Rendering rescues/layout (internal_server_error)


Processing PostsController#index (for 127.0.0.1 at 2009-12-30 20:38:19) [GET]
Rendering template within layouts/application
Rendering posts/index
Completed in 6ms (View: 2, DB: 0) | 200 OK [http://localhost/]


Processing PostsController#index (for 127.0.0.1 at 2009-12-30 20:38:22) [GET]
Rendering template within layouts/application
Rendering posts/index
Completed in 6ms (View: 2, DB: 0) | 200 OK [http://localhost/]


Processing PostsController#show (for 127.0.0.1 at 2009-12-30 20:38:24) [GET]
  Parameters: {"id"=>"4b3bac03196b74453f000001"}

Errno::ENOENT (No such file or directory - /home/gigamo/Code/ruby/rails/hymir/app/views/posts/show.html.erb):
  haml (2.2.15) lib/sass/plugin/rails.rb:19:in `process'
  <internal:prelude>:8:in `synchronize'
  thin (1.2.5) lib/thin/connection.rb:76:in `block in pre_process'
  thin (1.2.5) lib/thin/connection.rb:74:in `catch'
  thin (1.2.5) lib/thin/connection.rb:74:in `pre_process'
  thin (1.2.5) lib/thin/connection.rb:57:in `process'
  thin (1.2.5) lib/thin/connection.rb:42:in `receive_data'
  eventmachine (0.12.10) lib/eventmachine.rb:256:in `run_machine'
  eventmachine (0.12.10) lib/eventmachine.rb:256:in `run'
  thin (1.2.5) lib/thin/backends/base.rb:57:in `start'
  thin (1.2.5) lib/thin/server.rb:156:in `start'
  thin (1.2.5) lib/thin/controllers/controller.rb:80:in `start'
  thin (1.2.5) lib/thin/runner.rb:177:in `run_command'
  thin (1.2.5) lib/thin/runner.rb:143:in `run!'
  thin (1.2.5) bin/thin:6:in `<top (required)>'
  /usr/bin/thin:19:in `load'
  /usr/bin/thin:19:in `<main>'

Rendered rescues/_trace (68.9ms)
Rendered rescues/_request_and_response (0.2ms)
Rendering rescues/layout (internal_server_error)


Processing PostsController#show (for 127.0.0.1 at 2009-12-30 20:38:54) [GET]
  Parameters: {"id"=>"4b3bac03196b74453f000001"}

Errno::ENOENT (No such file or directory - /home/gigamo/Code/ruby/rails/hymir/app/views/posts/show.html.erb):
  haml (2.2.15) lib/sass/plugin/rails.rb:19:in `process'
  <internal:prelude>:8:in `synchronize'
  thin (1.2.5) lib/thin/connection.rb:76:in `block in pre_process'
  thin (1.2.5) lib/thin/connection.rb:74:in `catch'
  thin (1.2.5) lib/thin/connection.rb:74:in `pre_process'
  thin (1.2.5) lib/thin/connection.rb:57:in `process'
  thin (1.2.5) lib/thin/connection.rb:42:in `receive_data'
  eventmachine (0.12.10) lib/eventmachine.rb:256:in `run_machine'
  eventmachine (0.12.10) lib/eventmachine.rb:256:in `run'
  thin (1.2.5) lib/thin/backends/base.rb:57:in `start'
  thin (1.2.5) lib/thin/server.rb:156:in `start'
  thin (1.2.5) lib/thin/controllers/controller.rb:80:in `start'
  thin (1.2.5) lib/thin/runner.rb:177:in `run_command'
  thin (1.2.5) lib/thin/runner.rb:143:in `run!'
  thin (1.2.5) bin/thin:6:in `<top (required)>'
  /usr/bin/thin:19:in `load'
  /usr/bin/thin:19:in `<main>'

Rendered rescues/_trace (39.4ms)
Rendered rescues/_request_and_response (0.2ms)
Rendering rescues/layout (internal_server_error)


Processing PostsController#index (for 127.0.0.1 at 2009-12-30 20:41:24) [GET]
Rendering template within layouts/application
Rendering posts/index
Completed in 23ms (View: 13, DB: 0) | 200 OK [http://localhost/]


Processing PostsController#show (for 127.0.0.1 at 2009-12-30 20:41:25) [GET]
  Parameters: {"id"=>"4b3bac03196b74453f000001"}
Rendering template within layouts/application
Rendering posts/show
Completed in 11ms (View: 6, DB: 0) | 200 OK [http://localhost/posts/4b3bac03196b74453f000001]


Processing PostsController#index (for 127.0.0.1 at 2009-12-30 20:41:31) [GET]
Rendering template within layouts/application
Rendering posts/index
Completed in 6ms (View: 1, DB: 0) | 200 OK [http://localhost/posts]


Processing PostsController#new (for 127.0.0.1 at 2009-12-30 20:43:43) [GET]
Rendering template within layouts/application
Rendering posts/new
Rendered posts/_form (49.2ms)
Completed in 63ms (View: 58, DB: 0) | 200 OK [http://localhost/posts/new]


Processing PostsController#index (for 127.0.0.1 at 2009-12-30 20:43:44) [GET]
Rendering template within layouts/application
Rendering posts/index
Completed in 6ms (View: 1, DB: 0) | 200 OK [http://localhost/posts]


Processing PostsController#show (for 127.0.0.1 at 2009-12-30 20:43:44) [GET]
  Parameters: {"id"=>"4b3bac03196b74453f000001"}
Rendering template within layouts/application
Rendering posts/show
Completed in 7ms (View: 2, DB: 0) | 200 OK [http://localhost/posts/4b3bac03196b74453f000001]


Processing PostsController#edit (for 127.0.0.1 at 2009-12-30 20:43:46) [GET]
  Parameters: {"id"=>"4b3bac03196b74453f000001"}
Rendering template within layouts/application
Rendering posts/edit
Rendered posts/_form (1.6ms)
Completed in 40ms (View: 35, DB: 0) | 200 OK [http://localhost/posts/4b3bac03196b74453f000001/edit]


Processing PostsController#update (for 127.0.0.1 at 2009-12-30 20:43:49) [PUT]
  Parameters: {"authenticity_token"=>"aLlsX+PB7GssrC//BtDxLpMJELinuSR2N0pMRRv5ZwY=", "post"=>{"title"=>"First post", "body"=>"With not alot of content.\r\nSee?"}, "commit"=>"Save", "id"=>"4b3bac03196b74453f000001"}
Redirected to http://localhost:3000/posts/4b3bac03196b74453f000001
Completed in 24ms (DB: 0) | 302 Found [http://localhost/posts/4b3bac03196b74453f000001]


Processing PostsController#show (for 127.0.0.1 at 2009-12-30 20:43:49) [GET]
  Parameters: {"id"=>"4b3bac03196b74453f000001"}
Rendering template within layouts/application
Rendering posts/show
Completed in 7ms (View: 2, DB: 0) | 200 OK [http://localhost/posts/4b3bac03196b74453f000001]


Processing PostsController#index (for 127.0.0.1 at 2009-12-30 20:43:52) [GET]
Rendering template within layouts/application
Rendering posts/index
Completed in 7ms (View: 2, DB: 0) | 200 OK [http://localhost/posts]


Processing PostsController#show (for 127.0.0.1 at 2009-12-30 20:44:26) [GET]
  Parameters: {"id"=>"4b3bac03196b74453f000001"}
Rendering template within layouts/application
Rendering posts/show
Completed in 7ms (View: 2, DB: 0) | 200 OK [http://localhost/posts/4b3bac03196b74453f000001]


Processing PostsController#destroy (for 127.0.0.1 at 2009-12-30 20:44:28) [DELETE]
  Parameters: {"authenticity_token"=>"aLlsX+PB7GssrC//BtDxLpMJELinuSR2N0pMRRv5ZwY=", "id"=>"4b3bac03196b74453f000001"}
Redirected to http://localhost:3000/posts
Completed in 7ms (DB: 0) | 302 Found [http://localhost/posts/4b3bac03196b74453f000001]


Processing PostsController#index (for 127.0.0.1 at 2009-12-30 20:44:28) [GET]
Rendering template within layouts/application
Rendering posts/index
Completed in 6ms (View: 1, DB: 0) | 200 OK [http://localhost/posts]


Processing PostsController#new (for 127.0.0.1 at 2009-12-30 20:44:29) [GET]
Rendering template within layouts/application
Rendering posts/new
Rendered posts/_form (1.2ms)
Completed in 6ms (View: 2, DB: 0) | 200 OK [http://localhost/posts/new]


Processing PostsController#create (for 127.0.0.1 at 2009-12-30 20:44:41) [POST]
  Parameters: {"authenticity_token"=>"aLlsX+PB7GssrC//BtDxLpMJELinuSR2N0pMRRv5ZwY=", "post"=>{"title"=>"First post", "body"=>"With no content :/"}, "commit"=>"Save"}
Redirected to http://localhost:3000/posts/4b3bada9196b74456a000001
Completed in 7ms (DB: 0) | 302 Found [http://localhost/posts]


Processing PostsController#show (for 127.0.0.1 at 2009-12-30 20:44:41) [GET]
  Parameters: {"id"=>"4b3bada9196b74456a000001"}
Rendering template within layouts/application
Rendering posts/show
Completed in 8ms (View: 2, DB: 0) | 200 OK [http://localhost/posts/4b3bada9196b74456a000001]


Processing PostsController#index (for 127.0.0.1 at 2009-12-30 20:45:44) [GET]
Rendering template within layouts/application
Rendering posts/index
Completed in 7ms (View: 2, DB: 0) | 200 OK [http://localhost/posts]


Processing PostsController#new (for 127.0.0.1 at 2009-12-30 20:46:23) [GET]
Rendering template within layouts/application
Rendering posts/new
Rendered posts/_form (1.2ms)
Completed in 36ms (View: 4, DB: 0) | 200 OK [http://localhost/posts/new]


Processing PostsController#index (for 127.0.0.1 at 2009-12-30 20:46:29) [GET]
Rendering template within layouts/application
Rendering posts/index
Completed in 7ms (View: 2, DB: 0) | 200 OK [http://localhost/posts]


Processing PostsController#show (for 127.0.0.1 at 2009-12-30 20:46:30) [GET]
  Parameters: {"id"=>"4b3bada9196b74456a000001"}
Rendering template within layouts/application
Rendering posts/show
Completed in 7ms (View: 2, DB: 0) | 200 OK [http://localhost/posts/4b3bada9196b74456a000001]


Processing PostsController#index (for 127.0.0.1 at 2009-12-30 20:46:35) [GET]
Rendering template within layouts/application
Rendering posts/index
Completed in 7ms (View: 1, DB: 0) | 200 OK [http://localhost/posts]


Processing PostsController#new (for 127.0.0.1 at 2009-12-30 20:46:36) [GET]
Rendering template within layouts/application
Rendering posts/new
Rendered posts/_form (1.2ms)
Completed in 36ms (View: 2, DB: 0) | 200 OK [http://localhost/posts/new]


Processing PostsController#create (for 127.0.0.1 at 2009-12-30 20:46:37) [POST]
  Parameters: {"authenticity_token"=>"aLlsX+PB7GssrC//BtDxLpMJELinuSR2N0pMRRv5ZwY=", "post"=>{"title"=>"", "body"=>""}, "commit"=>"Save"}
Rendering template within layouts/application
Rendering posts/new
Rendered posts/_form (2.2ms)
Completed in 9ms (View: 3, DB: 0) | 200 OK [http://localhost/posts]


Processing PostsController#index (for 127.0.0.1 at 2009-12-30 20:46:45) [GET]
Rendering template within layouts/application
Rendering posts/index
Completed in 7ms (View: 1, DB: 0) | 200 OK [http://localhost/posts]


Processing PostsController#new (for 127.0.0.1 at 2009-12-30 20:47:08) [GET]

ArgumentError (invalid options: in):
  /usr/lib/ruby/gems/1.9.1/gems/jnunemaker-validatable-1.8.1/lib/validatable/understandable.rb:27:in `must_understand'
  /usr/lib/ruby/gems/1.9.1/gems/jnunemaker-validatable-1.8.1/lib/validatable/validations/validation_base.rb:47:in `initialize'
  /usr/lib/ruby/gems/1.9.1/gems/jnunemaker-validatable-1.8.1/lib/validatable/validatable_class_methods.rb:66:in `new'
  /usr/lib/ruby/gems/1.9.1/gems/jnunemaker-validatable-1.8.1/lib/validatable/validatable_class_methods.rb:66:in `block in add_validations'
  /usr/lib/ruby/gems/1.9.1/gems/jnunemaker-validatable-1.8.1/lib/validatable/validatable_class_methods.rb:65:in `each'
  /usr/lib/ruby/gems/1.9.1/gems/jnunemaker-validatable-1.8.1/lib/validatable/validatable_class_methods.rb:65:in `add_validations'
  /usr/lib/ruby/gems/1.9.1/gems/jnunemaker-validatable-1.8.1/lib/validatable/macros.rb:75:in `validates_length_of'
  app/models/post.rb:10:in `<class:Post>'
  app/models/post.rb:1:in `<top (required)>'
  app/controllers/posts_controller.rb:11:in `new'
  haml (2.2.15) lib/sass/plugin/rails.rb:19:in `process'
  <internal:prelude>:8:in `synchronize'
  thin (1.2.5) lib/thin/connection.rb:76:in `block in pre_process'
  thin (1.2.5) lib/thin/connection.rb:74:in `catch'
  thin (1.2.5) lib/thin/connection.rb:74:in `pre_process'
  thin (1.2.5) lib/thin/connection.rb:57:in `process'
  thin (1.2.5) lib/thin/connection.rb:42:in `receive_data'
  eventmachine (0.12.10) lib/eventmachine.rb:256:in `run_machine'
  eventmachine (0.12.10) lib/eventmachine.rb:256:in `run'
  thin (1.2.5) lib/thin/backends/base.rb:57:in `start'
  thin (1.2.5) lib/thin/server.rb:156:in `start'
  thin (1.2.5) lib/thin/controllers/controller.rb:80:in `start'
  thin (1.2.5) lib/thin/runner.rb:177:in `run_command'
  thin (1.2.5) lib/thin/runner.rb:143:in `run!'
  thin (1.2.5) bin/thin:6:in `<top (required)>'
  /usr/bin/thin:19:in `load'
  /usr/bin/thin:19:in `<main>'

Rendered rescues/_trace (44.2ms)
Rendered rescues/_request_and_response (0.8ms)
Rendering rescues/layout (internal_server_error)


Processing PostsController#new (for 127.0.0.1 at 2009-12-30 20:47:13) [GET]
Rendering template within layouts/application
Rendering posts/new
Rendered posts/_form (1.2ms)
Completed in 7ms (View: 2, DB: 0) | 200 OK [http://localhost/posts/new]


Processing PostsController#create (for 127.0.0.1 at 2009-12-30 20:47:15) [POST]
  Parameters: {"authenticity_token"=>"aLlsX+PB7GssrC//BtDxLpMJELinuSR2N0pMRRv5ZwY=", "post"=>{"title"=>"", "body"=>""}, "commit"=>"Save"}
Rendering template within layouts/application
Rendering posts/new
Rendered posts/_form (2.2ms)
Completed in 9ms (View: 3, DB: 0) | 200 OK [http://localhost/posts]


Processing PostsController#create (for 127.0.0.1 at 2009-12-30 20:47:25) [POST]
  Parameters: {"authenticity_token"=>"aLlsX+PB7GssrC//BtDxLpMJELinuSR2N0pMRRv5ZwY=", "post"=>{"title"=>"Asd", "body"=>""}, "commit"=>"Save"}
Rendering template within layouts/application
Rendering posts/new
Rendered posts/_form (2.1ms)
Completed in 9ms (View: 3, DB: 0) | 200 OK [http://localhost/posts]


Processing PostsController#create (for 127.0.0.1 at 2009-12-30 20:47:35) [POST]
  Parameters: {"authenticity_token"=>"aLlsX+PB7GssrC//BtDxLpMJELinuSR2N0pMRRv5ZwY=", "post"=>{"title"=>"asdfsdfasdfasdfasdfasdfasdfasdfasdfasdfasdfsdfasdfasdfasdfsdfasdfasdfasdfasdfsdfasdfasdfsdf", "body"=>""}, "commit"=>"Save"}
Rendering template within layouts/application
Rendering posts/new
Rendered posts/_form (2.1ms)
Completed in 9ms (View: 3, DB: 0) | 200 OK [http://localhost/posts]


Processing PostsController#index (for 127.0.0.1 at 2009-12-30 20:47:37) [GET]
Rendering template within layouts/application
Rendering posts/index
Completed in 7ms (View: 2, DB: 0) | 200 OK [http://localhost/posts]


Processing PostsController#new (for 127.0.0.1 at 2009-12-30 20:47:38) [GET]
Rendering template within layouts/application
Rendering posts/new
Rendered posts/_form (1.2ms)
Completed in 7ms (View: 2, DB: 0) | 200 OK [http://localhost/posts/new]


Processing PostsController#index (for 127.0.0.1 at 2009-12-30 20:47:39) [GET]
Rendering template within layouts/application
Rendering posts/index
Completed in 7ms (View: 2, DB: 0) | 200 OK [http://localhost/posts]


Processing PostsController#index (for 127.0.0.1 at 2009-12-30 22:40:12) [GET]

Mongo::ConnectionFailure (failed to connect to any given host:port):
  mongo (0.18.1) lib/mongo/connection.rb:279:in `connect_to_master'
  mongo (0.18.1) lib/mongo/connection.rb:133:in `initialize'
  /usr/lib/ruby/gems/1.9.1/gems/mongo_mapper-0.6.8/lib/mongo_mapper.rb:34:in `new'
  /usr/lib/ruby/gems/1.9.1/gems/mongo_mapper-0.6.8/lib/mongo_mapper.rb:34:in `connection'
  /usr/lib/ruby/gems/1.9.1/gems/mongo_mapper-0.6.8/lib/mongo_mapper.rb:59:in `database'
  /usr/lib/ruby/gems/1.9.1/gems/mongo_mapper-0.6.8/lib/mongo_mapper/document.rb:276:in `database'
  /usr/lib/ruby/gems/1.9.1/gems/mongo_mapper-0.6.8/lib/mongo_mapper/document.rb:299:in `collection'
  /usr/lib/ruby/gems/1.9.1/gems/mongo_mapper-0.6.8/lib/mongo_mapper/document.rb:337:in `find_every'
  /usr/lib/ruby/gems/1.9.1/gems/mongo_mapper-0.6.8/lib/mongo_mapper/document.rb:128:in `all'
  app/controllers/posts_controller.rb:3:in `index'
  haml (2.2.14) lib/sass/plugin/rails.rb:19:in `process'
  <internal:prelude>:8:in `synchronize'
  thin (1.2.4) lib/thin/connection.rb:76:in `block in pre_process'
  thin (1.2.4) lib/thin/connection.rb:74:in `catch'
  thin (1.2.4) lib/thin/connection.rb:74:in `pre_process'
  thin (1.2.4) lib/thin/connection.rb:57:in `process'
  thin (1.2.4) lib/thin/connection.rb:42:in `receive_data'
  eventmachine (0.12.10) lib/eventmachine.rb:256:in `run_machine'
  eventmachine (0.12.10) lib/eventmachine.rb:256:in `run'
  thin (1.2.4) lib/thin/backends/base.rb:57:in `start'
  thin (1.2.4) lib/thin/server.rb:156:in `start'
  thin (1.2.4) lib/thin/controllers/controller.rb:80:in `start'
  thin (1.2.4) lib/thin/runner.rb:174:in `run_command'
  thin (1.2.4) lib/thin/runner.rb:140:in `run!'
  thin (1.2.4) bin/thin:6:in `<top (required)>'
  /usr/bin/thin:19:in `load'
  /usr/bin/thin:19:in `<main>'

Rendered rescues/_trace (86.9ms)
Rendered rescues/_request_and_response (1.2ms)
Rendering rescues/layout (internal_server_error)


Processing PostsController#index (for 127.0.0.1 at 2009-12-30 22:40:15) [GET]

Mongo::ConnectionFailure (failed to connect to any given host:port):
  mongo (0.18.1) lib/mongo/connection.rb:279:in `connect_to_master'
  mongo (0.18.1) lib/mongo/connection.rb:133:in `initialize'
  /usr/lib/ruby/gems/1.9.1/gems/mongo_mapper-0.6.8/lib/mongo_mapper.rb:34:in `new'
  /usr/lib/ruby/gems/1.9.1/gems/mongo_mapper-0.6.8/lib/mongo_mapper.rb:34:in `connection'
  /usr/lib/ruby/gems/1.9.1/gems/mongo_mapper-0.6.8/lib/mongo_mapper.rb:59:in `database'
  /usr/lib/ruby/gems/1.9.1/gems/mongo_mapper-0.6.8/lib/mongo_mapper/document.rb:276:in `database'
  /usr/lib/ruby/gems/1.9.1/gems/mongo_mapper-0.6.8/lib/mongo_mapper/document.rb:299:in `collection'
  /usr/lib/ruby/gems/1.9.1/gems/mongo_mapper-0.6.8/lib/mongo_mapper/document.rb:337:in `find_every'
  /usr/lib/ruby/gems/1.9.1/gems/mongo_mapper-0.6.8/lib/mongo_mapper/document.rb:128:in `all'
  app/controllers/posts_controller.rb:3:in `index'
  haml (2.2.14) lib/sass/plugin/rails.rb:19:in `process'
  <internal:prelude>:8:in `synchronize'
  thin (1.2.4) lib/thin/connection.rb:76:in `block in pre_process'
  thin (1.2.4) lib/thin/connection.rb:74:in `catch'
  thin (1.2.4) lib/thin/connection.rb:74:in `pre_process'
  thin (1.2.4) lib/thin/connection.rb:57:in `process'
  thin (1.2.4) lib/thin/connection.rb:42:in `receive_data'
  eventmachine (0.12.10) lib/eventmachine.rb:256:in `run_machine'
  eventmachine (0.12.10) lib/eventmachine.rb:256:in `run'
  thin (1.2.4) lib/thin/backends/base.rb:57:in `start'
  thin (1.2.4) lib/thin/server.rb:156:in `start'
  thin (1.2.4) lib/thin/controllers/controller.rb:80:in `start'
  thin (1.2.4) lib/thin/runner.rb:174:in `run_command'
  thin (1.2.4) lib/thin/runner.rb:140:in `run!'
  thin (1.2.4) bin/thin:6:in `<top (required)>'
  /usr/bin/thin:19:in `load'
  /usr/bin/thin:19:in `<main>'

Rendered rescues/_trace (63.5ms)
Rendered rescues/_request_and_response (0.3ms)
Rendering rescues/layout (internal_server_error)


Processing PostsController#index (for 127.0.0.1 at 2009-12-30 22:40:26) [GET]
Rendering template within layouts/application
Rendering posts/index
Completed in 207ms (View: 158, DB: 0) | 200 OK [http://localhost/]


Processing UsersController#new (for 127.0.0.1 at 2009-12-30 22:40:35) [GET]
Rendering template within layouts/application
Rendering users/new
Completed in 149ms (View: 133, DB: 0) | 200 OK [http://localhost/signup]


Processing UsersController#create (for 127.0.0.1 at 2009-12-30 22:40:37) [POST]
  Parameters: {"authenticity_token"=>"dKEBh0/5ejo1uMklwhZoKZlLN0A+lJclZn0/1mtX5T4=", "user"=>{"username"=>"", "email"=>"", "password"=>"", "password_confirmation"=>""}, "commit"=>"Sign up"}

NoMethodError (undefined method `password_required?' for nil:NilClass):
  app/models/user.rb:27:in `block in <class:User>'
  /usr/lib/ruby/gems/1.9.1/gems/jnunemaker-validatable-1.8.1/lib/validatable/validations/validation_base.rb:68:in `instance_eval'
  /usr/lib/ruby/gems/1.9.1/gems/jnunemaker-validatable-1.8.1/lib/validatable/validations/validation_base.rb:68:in `should_validate?'
  /usr/lib/ruby/gems/1.9.1/gems/jnunemaker-validatable-1.8.1/lib/validatable/validatable_instance_methods.rb:77:in `block (2 levels) in validate_group'
  /usr/lib/ruby/gems/1.9.1/gems/jnunemaker-validatable-1.8.1/lib/validatable/validatable_instance_methods.rb:76:in `each'
  /usr/lib/ruby/gems/1.9.1/gems/jnunemaker-validatable-1.8.1/lib/validatable/validatable_instance_methods.rb:76:in `block in validate_group'
  /usr/lib/ruby/gems/1.9.1/gems/jnunemaker-validatable-1.8.1/lib/validatable/validatable_instance_methods.rb:75:in `each'
  /usr/lib/ruby/gems/1.9.1/gems/jnunemaker-validatable-1.8.1/lib/validatable/validatable_instance_methods.rb:75:in `validate_group'
  /usr/lib/ruby/gems/1.9.1/gems/jnunemaker-validatable-1.8.1/lib/validatable/validatable_instance_methods.rb:35:in `valid_for_group?'
  /usr/lib/ruby/gems/1.9.1/gems/jnunemaker-validatable-1.8.1/lib/validatable/validatable_instance_methods.rb:15:in `valid?'
  /usr/lib/ruby/gems/1.9.1/gems/mongo_mapper-0.6.8/lib/mongo_mapper/callbacks.rb:51:in `valid?'
  /usr/lib/ruby/gems/1.9.1/gems/mongo_mapper-0.6.8/lib/mongo_mapper/document.rb:415:in `save'
  /usr/lib/ruby/gems/1.9.1/gems/mongo_mapper-0.6.8/lib/mongo_mapper/dirty.rb:56:in `save'
  app/controllers/users_controller.rb:8:in `create'
  haml (2.2.14) lib/sass/plugin/rails.rb:19:in `process'
  <internal:prelude>:8:in `synchronize'
  thin (1.2.4) lib/thin/connection.rb:76:in `block in pre_process'
  thin (1.2.4) lib/thin/connection.rb:74:in `catch'
  thin (1.2.4) lib/thin/connection.rb:74:in `pre_process'
  thin (1.2.4) lib/thin/connection.rb:57:in `process'
  thin (1.2.4) lib/thin/connection.rb:42:in `receive_data'
  eventmachine (0.12.10) lib/eventmachine.rb:256:in `run_machine'
  eventmachine (0.12.10) lib/eventmachine.rb:256:in `run'
  thin (1.2.4) lib/thin/backends/base.rb:57:in `start'
  thin (1.2.4) lib/thin/server.rb:156:in `start'
  thin (1.2.4) lib/thin/controllers/controller.rb:80:in `start'
  thin (1.2.4) lib/thin/runner.rb:174:in `run_command'
  thin (1.2.4) lib/thin/runner.rb:140:in `run!'
  thin (1.2.4) bin/thin:6:in `<top (required)>'
  /usr/bin/thin:19:in `load'
  /usr/bin/thin:19:in `<main>'

Rendered rescues/_trace (68.0ms)
Rendered rescues/_request_and_response (0.4ms)
Rendering rescues/layout (internal_server_error)


Processing UsersController#new (for 127.0.0.1 at 2009-12-30 22:41:34) [GET]
Rendering template within layouts/application
Rendering users/new
Completed in 20ms (View: 3, DB: 0) | 200 OK [http://localhost/signup]


Processing UsersController#new (for 127.0.0.1 at 2009-12-30 22:41:37) [GET]
Rendering template within layouts/application
Rendering users/new
Completed in 19ms (View: 3, DB: 0) | 200 OK [http://localhost/signup]


Processing UsersController#new (for 127.0.0.1 at 2009-12-30 22:41:38) [GET]
Rendering template within layouts/application
Rendering users/new
Completed in 48ms (View: 3, DB: 0) | 200 OK [http://localhost/signup]


Processing UsersController#create (for 127.0.0.1 at 2009-12-30 22:41:40) [POST]
  Parameters: {"authenticity_token"=>"dKEBh0/5ejo1uMklwhZoKZlLN0A+lJclZn0/1mtX5T4=", "user"=>{"username"=>"", "email"=>"", "password"=>"", "password_confirmation"=>""}, "commit"=>"Sign up"}
Rendering template within layouts/application
Rendering users/new
Completed in 23ms (View: 5, DB: 0) | 200 OK [http://localhost/users]


Processing UsersController#create (for 127.0.0.1 at 2009-12-30 22:41:56) [POST]
  Parameters: {"authenticity_token"=>"dKEBh0/5ejo1uMklwhZoKZlLN0A+lJclZn0/1mtX5T4=", "user"=>{"username"=>"Gigamo", "email"=>"gigamo@gmail.com", "password"=>"diablo23", "password_confirmation"=>"diablo23"}, "commit"=>"Sign up"}
Redirected to http://localhost:3000/
Completed in 149ms (DB: 0) | 302 Found [http://localhost/users]


Processing PostsController#index (for 127.0.0.1 at 2009-12-30 22:41:57) [GET]
Rendering template within layouts/application
Rendering posts/index
Completed in 10ms (View: 2, DB: 0) | 200 OK [http://localhost/]


Processing PostsController#new (for 127.0.0.1 at 2009-12-30 22:42:02) [GET]
Rendering template within layouts/application
Rendering posts/new
Rendered posts/_form (3.7ms)
Completed in 26ms (View: 20, DB: 0) | 200 OK [http://localhost/posts/new]


Processing PostsController#create (for 127.0.0.1 at 2009-12-30 22:42:09) [POST]
  Parameters: {"authenticity_token"=>"dKEBh0/5ejo1uMklwhZoKZlLN0A+lJclZn0/1mtX5T4=", "post"=>{"title"=>"A post", "body"=>"With a body."}, "commit"=>"Save"}
Redirected to http://localhost:3000/posts/4b3bc931618fca16b6000002
Completed in 58ms (DB: 0) | 302 Found [http://localhost/posts]


Processing PostsController#show (for 127.0.0.1 at 2009-12-30 22:42:09) [GET]
  Parameters: {"id"=>"4b3bc931618fca16b6000002"}
Rendering template within layouts/application
Rendering posts/show
Completed in 19ms (View: 11, DB: 0) | 200 OK [http://localhost/posts/4b3bc931618fca16b6000002]


Processing PostsController#index (for 127.0.0.1 at 2009-12-30 22:42:11) [GET]
Rendering template within layouts/application
Rendering posts/index
Completed in 10ms (View: 2, DB: 0) | 200 OK [http://localhost/posts]


Processing PostsController#index (for 127.0.0.1 at 2009-12-30 23:00:30) [GET]
Rendering template within layouts/application
Rendering posts/index
Completed in 56ms (View: 38, DB: 0) | 200 OK [http://localhost/posts]


Processing UsersController#new (for 127.0.0.1 at 2009-12-30 23:00:35) [GET]
Rendering template within layouts/application
Rendering users/new
Completed in 102ms (View: 59, DB: 0) | 200 OK [http://localhost/signup]


Processing UserSessionsController#new (for 127.0.0.1 at 2009-12-30 23:00:39) [GET]
Rendering template within layouts/application
Rendering user_sessions/new

ActionView::TemplateError (undefined local variable or method `user_sessions_path' for #<ActionView::Base:0xb330538>) on line #1 of app/views/user_sessions/new.html.haml:
1: - form_tag user_sessions_path do |f|
2:   = f.error_messages
3: 
4:   %p

    app/views/user_sessions/new.html.haml:1:in `_run_haml_app47views47user_sessions47new46html46haml'
    haml (2.2.14) lib/haml/helpers/action_view_mods.rb:13:in `render_with_haml'
    haml (2.2.14) lib/haml/helpers/action_view_mods.rb:13:in `render_with_haml'
    haml (2.2.14) lib/sass/plugin/rails.rb:19:in `process'
    <internal:prelude>:8:in `synchronize'
    thin (1.2.4) lib/thin/connection.rb:76:in `block in pre_process'
    thin (1.2.4) lib/thin/connection.rb:74:in `catch'
    thin (1.2.4) lib/thin/connection.rb:74:in `pre_process'
    thin (1.2.4) lib/thin/connection.rb:57:in `process'
    thin (1.2.4) lib/thin/connection.rb:42:in `receive_data'
    eventmachine (0.12.10) lib/eventmachine.rb:256:in `run_machine'
    eventmachine (0.12.10) lib/eventmachine.rb:256:in `run'
    thin (1.2.4) lib/thin/backends/base.rb:57:in `start'
    thin (1.2.4) lib/thin/server.rb:156:in `start'
    thin (1.2.4) lib/thin/controllers/controller.rb:80:in `start'
    thin (1.2.4) lib/thin/runner.rb:174:in `run_command'
    thin (1.2.4) lib/thin/runner.rb:140:in `run!'
    thin (1.2.4) bin/thin:6:in `<top (required)>'
    /usr/bin/thin:19:in `load'
    /usr/bin/thin:19:in `<main>'

Rendered rescues/_trace (71.1ms)
Rendered rescues/_request_and_response (1.3ms)
Rendering rescues/layout (internal_server_error)


Processing UserSessionsController#new (for 127.0.0.1 at 2009-12-30 23:00:54) [GET]
Rendering template within layouts/application
Rendering user_sessions/new

ActionView::TemplateError (undefined method `error_messages' for nil:NilClass) on line #2 of app/views/user_sessions/new.html.haml:
1: - form_tag user_sessions_path do |f|
2:   = f.error_messages
3: 
4:   %p
5:     = f.label :email, 'E-mail'

    app/views/user_sessions/new.html.haml:2:in `block in _run_haml_app47views47user_sessions47new46html46haml'
    haml (2.2.14) lib/haml/helpers/action_view_mods.rb:141:in `call'
    haml (2.2.14) lib/haml/helpers/action_view_mods.rb:141:in `block in form_tag_with_haml'
    haml (2.2.14) lib/haml/helpers.rb:545:in `call'
    haml (2.2.14) lib/haml/helpers.rb:545:in `block in haml_bind_proc'
    haml (2.2.14) lib/haml/helpers.rb:322:in `call'
    haml (2.2.14) lib/haml/helpers.rb:322:in `block in capture_haml'
    haml (2.2.14) lib/haml/helpers.rb:523:in `with_haml_buffer'
    haml (2.2.14) lib/haml/helpers.rb:318:in `capture_haml'
    haml (2.2.14) lib/haml/helpers/action_view_mods.rb:87:in `capture_with_haml'
    haml (2.2.14) lib/haml/helpers/action_view_mods.rb:147:in `form_tag_with_haml'
    app/views/user_sessions/new.html.haml:1:in `_run_haml_app47views47user_sessions47new46html46haml'
    haml (2.2.14) lib/haml/helpers/action_view_mods.rb:13:in `render_with_haml'
    haml (2.2.14) lib/haml/helpers/action_view_mods.rb:13:in `render_with_haml'
    haml (2.2.14) lib/sass/plugin/rails.rb:19:in `process'
    <internal:prelude>:8:in `synchronize'
    thin (1.2.4) lib/thin/connection.rb:76:in `block in pre_process'
    thin (1.2.4) lib/thin/connection.rb:74:in `catch'
    thin (1.2.4) lib/thin/connection.rb:74:in `pre_process'
    thin (1.2.4) lib/thin/connection.rb:57:in `process'
    thin (1.2.4) lib/thin/connection.rb:42:in `receive_data'
    eventmachine (0.12.10) lib/eventmachine.rb:256:in `run_machine'
    eventmachine (0.12.10) lib/eventmachine.rb:256:in `run'
    thin (1.2.4) lib/thin/backends/base.rb:57:in `start'
    thin (1.2.4) lib/thin/server.rb:156:in `start'
    thin (1.2.4) lib/thin/controllers/controller.rb:80:in `start'
    thin (1.2.4) lib/thin/runner.rb:174:in `run_command'
    thin (1.2.4) lib/thin/runner.rb:140:in `run!'
    thin (1.2.4) bin/thin:6:in `<top (required)>'
    /usr/bin/thin:19:in `load'
    /usr/bin/thin:19:in `<main>'

Rendered rescues/_trace (85.6ms)
Rendered rescues/_request_and_response (0.3ms)
Rendering rescues/layout (internal_server_error)


Processing UserSessionsController#new (for 127.0.0.1 at 2009-12-30 23:01:05) [GET]
Rendering template within layouts/application
Rendering user_sessions/new

ActionView::TemplateError (undefined method `label' for nil:NilClass) on line #3 of app/views/user_sessions/new.html.haml:
1: - form_tag user_sessions_path do |f|
2:   %p
3:     = f.label :email, 'E-mail'
4:     %br/
5:     = f.text_field :email
6:   %p

    app/views/user_sessions/new.html.haml:3:in `block in _run_haml_app47views47user_sessions47new46html46haml'
    haml (2.2.14) lib/haml/helpers/action_view_mods.rb:141:in `call'
    haml (2.2.14) lib/haml/helpers/action_view_mods.rb:141:in `block in form_tag_with_haml'
    haml (2.2.14) lib/haml/helpers.rb:545:in `call'
    haml (2.2.14) lib/haml/helpers.rb:545:in `block in haml_bind_proc'
    haml (2.2.14) lib/haml/helpers.rb:322:in `call'
    haml (2.2.14) lib/haml/helpers.rb:322:in `block in capture_haml'
    haml (2.2.14) lib/haml/helpers.rb:523:in `with_haml_buffer'
    haml (2.2.14) lib/haml/helpers.rb:318:in `capture_haml'
    haml (2.2.14) lib/haml/helpers/action_view_mods.rb:87:in `capture_with_haml'
    haml (2.2.14) lib/haml/helpers/action_view_mods.rb:147:in `form_tag_with_haml'
    app/views/user_sessions/new.html.haml:1:in `_run_haml_app47views47user_sessions47new46html46haml'
    haml (2.2.14) lib/haml/helpers/action_view_mods.rb:13:in `render_with_haml'
    haml (2.2.14) lib/haml/helpers/action_view_mods.rb:13:in `render_with_haml'
    haml (2.2.14) lib/sass/plugin/rails.rb:19:in `process'
    <internal:prelude>:8:in `synchronize'
    thin (1.2.4) lib/thin/connection.rb:76:in `block in pre_process'
    thin (1.2.4) lib/thin/connection.rb:74:in `catch'
    thin (1.2.4) lib/thin/connection.rb:74:in `pre_process'
    thin (1.2.4) lib/thin/connection.rb:57:in `process'
    thin (1.2.4) lib/thin/connection.rb:42:in `receive_data'
    eventmachine (0.12.10) lib/eventmachine.rb:256:in `run_machine'
    eventmachine (0.12.10) lib/eventmachine.rb:256:in `run'
    thin (1.2.4) lib/thin/backends/base.rb:57:in `start'
    thin (1.2.4) lib/thin/server.rb:156:in `start'
    thin (1.2.4) lib/thin/controllers/controller.rb:80:in `start'
    thin (1.2.4) lib/thin/runner.rb:174:in `run_command'
    thin (1.2.4) lib/thin/runner.rb:140:in `run!'
    thin (1.2.4) bin/thin:6:in `<top (required)>'
    /usr/bin/thin:19:in `load'
    /usr/bin/thin:19:in `<main>'

Rendered rescues/_trace (84.4ms)
Rendered rescues/_request_and_response (0.3ms)
Rendering rescues/layout (internal_server_error)


Processing UserSessionsController#new (for 127.0.0.1 at 2009-12-30 23:01:43) [GET]
Rendering template within layouts/application
Rendering user_sessions/new
Completed in 13ms (View: 11, DB: 0) | 200 OK [http://localhost/login]


Processing UsersController#new (for 127.0.0.1 at 2009-12-30 23:01:46) [GET]
Rendering template within layouts/application
Rendering users/new
Completed in 20ms (View: 3, DB: 0) | 200 OK [http://localhost/signup]


Processing UserSessionsController#new (for 127.0.0.1 at 2009-12-30 23:01:47) [GET]
Rendering template within layouts/application
Rendering user_sessions/new
Completed in 4ms (View: 2, DB: 0) | 200 OK [http://localhost/login]


Processing UserSessionsController#destroy (for 127.0.0.1 at 2009-12-30 23:01:50) [GET]
Redirected to http://localhost:3000/
Completed in 2ms (DB: 0) | 302 Found [http://localhost/logout]


Processing PostsController#index (for 127.0.0.1 at 2009-12-30 23:01:50) [GET]
Rendering template within layouts/application
Rendering posts/index
Completed in 10ms (View: 2, DB: 0) | 200 OK [http://localhost/]


Processing PostsController#show (for 127.0.0.1 at 2009-12-30 23:01:55) [GET]
  Parameters: {"id"=>"4b3bc931618fca16b6000002"}
Rendering template within layouts/application
Rendering posts/show
Completed in 18ms (View: 10, DB: 0) | 200 OK [http://localhost/posts/4b3bc931618fca16b6000002]


Processing PostsController#index (for 127.0.0.1 at 2009-12-30 23:01:57) [GET]
Rendering template within layouts/application
Rendering posts/index
Completed in 10ms (View: 2, DB: 0) | 200 OK [http://localhost/posts]


Processing UserSessionsController#new (for 127.0.0.1 at 2009-12-30 23:02:15) [GET]
Rendering template within layouts/application
Rendering user_sessions/new
Completed in 4ms (View: 3, DB: 0) | 200 OK [http://localhost/login]


Processing UserSessionsController#create (for 127.0.0.1 at 2009-12-30 23:02:17) [POST]
  Parameters: {"authenticity_token"=>"dKEBh0/5ejo1uMklwhZoKZlLN0A+lJclZn0/1mtX5T4=", "email"=>"gigamo@gmail.com", "password"=>"diablo23", "commit"=>"Log in"}
Redirected to http://localhost:3000/
Completed in 109ms (DB: 0) | 302 Found [http://localhost/user_sessions]


Processing PostsController#index (for 127.0.0.1 at 2009-12-30 23:02:17) [GET]
Rendering template within layouts/application
Rendering posts/index
Completed in 10ms (View: 2, DB: 0) | 200 OK [http://localhost/]


Processing PostsController#show (for 127.0.0.1 at 2009-12-30 23:02:20) [GET]
  Parameters: {"id"=>"4b3bc931618fca16b6000002"}
Rendering template within layouts/application
Rendering posts/show
Completed in 10ms (View: 2, DB: 0) | 200 OK [http://localhost/posts/4b3bc931618fca16b6000002]


Processing PostsController#index (for 127.0.0.1 at 2009-12-30 23:02:20) [GET]
Rendering template within layouts/application
Rendering posts/index
Completed in 10ms (View: 2, DB: 0) | 200 OK [http://localhost/posts]


Processing PostsController#index (for 127.0.0.1 at 2009-12-30 23:02:22) [GET]
Rendering template within layouts/application
Rendering posts/index
Completed in 10ms (View: 2, DB: 0) | 200 OK [http://localhost/posts]


Processing UserSessionsController#new (for 127.0.0.1 at 2009-12-30 23:02:33) [GET]
Rendering template within layouts/application
Rendering user_sessions/new
Completed in 4ms (View: 2, DB: 0) | 200 OK [http://localhost/login]


Processing UserSessionsController#create (for 127.0.0.1 at 2009-12-30 23:02:36) [POST]
  Parameters: {"authenticity_token"=>"dKEBh0/5ejo1uMklwhZoKZlLN0A+lJclZn0/1mtX5T4=", "email"=>"gigamo@gmail.com", "password"=>"a", "commit"=>"Log in"}
Rendering template within layouts/application
Rendering user_sessions/new
Completed in 142ms (View: 2, DB: 0) | 200 OK [http://localhost/user_sessions]


Processing UserSessionsController#create (for 127.0.0.1 at 2009-12-30 23:02:42) [POST]
  Parameters: {"authenticity_token"=>"dKEBh0/5ejo1uMklwhZoKZlLN0A+lJclZn0/1mtX5T4=", "email"=>"gigamo@gmail.com", "password"=>"diablo23", "commit"=>"Log in"}
Redirected to http://localhost:3000/
Completed in 109ms (DB: 0) | 302 Found [http://localhost/user_sessions]


Processing PostsController#index (for 127.0.0.1 at 2009-12-30 23:02:43) [GET]
Rendering template within layouts/application
Rendering posts/index
Completed in 10ms (View: 2, DB: 0) | 200 OK [http://localhost/]


Processing PostsController#show (for 127.0.0.1 at 2009-12-30 23:02:45) [GET]
  Parameters: {"id"=>"4b3bc931618fca16b6000002"}
Rendering template within layouts/application
Rendering posts/show
Completed in 10ms (View: 2, DB: 0) | 200 OK [http://localhost/posts/4b3bc931618fca16b6000002]


Processing PostsController#new (for 127.0.0.1 at 2009-12-30 23:04:20) [GET]

NoMethodError (undefined method `sign_in_required' for #<PostsController:0xb54634c>):
  haml (2.2.14) lib/sass/plugin/rails.rb:19:in `process'
  <internal:prelude>:8:in `synchronize'
  thin (1.2.4) lib/thin/connection.rb:76:in `block in pre_process'
  thin (1.2.4) lib/thin/connection.rb:74:in `catch'
  thin (1.2.4) lib/thin/connection.rb:74:in `pre_process'
  thin (1.2.4) lib/thin/connection.rb:57:in `process'
  thin (1.2.4) lib/thin/connection.rb:42:in `receive_data'
  eventmachine (0.12.10) lib/eventmachine.rb:256:in `run_machine'
  eventmachine (0.12.10) lib/eventmachine.rb:256:in `run'
  thin (1.2.4) lib/thin/backends/base.rb:57:in `start'
  thin (1.2.4) lib/thin/server.rb:156:in `start'
  thin (1.2.4) lib/thin/controllers/controller.rb:80:in `start'
  thin (1.2.4) lib/thin/runner.rb:174:in `run_command'
  thin (1.2.4) lib/thin/runner.rb:140:in `run!'
  thin (1.2.4) bin/thin:6:in `<top (required)>'
  /usr/bin/thin:19:in `load'
  /usr/bin/thin:19:in `<main>'

Rendered rescues/_trace (55.1ms)
Rendered rescues/_request_and_response (0.3ms)
Rendering rescues/layout (internal_server_error)


Processing PostsController#new (for 127.0.0.1 at 2009-12-30 23:04:56) [GET]

NameError (undefined local variable or method `new_session_path' for #<PostsController:0xa0fa6dc>):
  lib/authentication.rb:75:in `block (2 levels) in access_denied'
  lib/authentication.rb:72:in `access_denied'
  lib/authentication.rb:60:in `authenticate'
  haml (2.2.14) lib/sass/plugin/rails.rb:19:in `process'
  <internal:prelude>:8:in `synchronize'
  thin (1.2.4) lib/thin/connection.rb:76:in `block in pre_process'
  thin (1.2.4) lib/thin/connection.rb:74:in `catch'
  thin (1.2.4) lib/thin/connection.rb:74:in `pre_process'
  thin (1.2.4) lib/thin/connection.rb:57:in `process'
  thin (1.2.4) lib/thin/connection.rb:42:in `receive_data'
  eventmachine (0.12.10) lib/eventmachine.rb:256:in `run_machine'
  eventmachine (0.12.10) lib/eventmachine.rb:256:in `run'
  thin (1.2.4) lib/thin/backends/base.rb:57:in `start'
  thin (1.2.4) lib/thin/server.rb:156:in `start'
  thin (1.2.4) lib/thin/controllers/controller.rb:80:in `start'
  thin (1.2.4) lib/thin/runner.rb:174:in `run_command'
  thin (1.2.4) lib/thin/runner.rb:140:in `run!'
  thin (1.2.4) bin/thin:6:in `<top (required)>'
  /usr/bin/thin:19:in `load'
  /usr/bin/thin:19:in `<main>'

Rendered rescues/_trace (64.9ms)
Rendered rescues/_request_and_response (0.3ms)
Rendering rescues/layout (internal_server_error)


Processing PostsController#new (for 127.0.0.1 at 2009-12-30 23:05:22) [GET]
Redirected to http://localhost:3000/user_sessions/new
Filter chain halted as [:authenticate] rendered_or_redirected.
Completed in 1ms (DB: 0) | 302 Found [http://localhost/posts/new]


Processing UserSessionsController#new (for 127.0.0.1 at 2009-12-30 23:05:22) [GET]
Rendering template within layouts/application
Rendering user_sessions/new
Completed in 4ms (View: 2, DB: 0) | 200 OK [http://localhost/user_sessions/new]


Processing PostsController#new (for 127.0.0.1 at 2009-12-30 23:09:00) [GET]
Redirected to http://localhost:3000/user_sessions/new
Filter chain halted as [:authenticate] rendered_or_redirected.
Completed in 1ms (DB: 0) | 302 Found [http://localhost/posts/new]


Processing UserSessionsController#new (for 127.0.0.1 at 2009-12-30 23:09:00) [GET]
Rendering template within layouts/application
Rendering user_sessions/new
Completed in 23ms (View: 22, DB: 0) | 200 OK [http://localhost/user_sessions/new]


Processing UserSessionsController#create (for 127.0.0.1 at 2009-12-30 23:09:02) [POST]
  Parameters: {"authenticity_token"=>"dKEBh0/5ejo1uMklwhZoKZlLN0A+lJclZn0/1mtX5T4=", "email"=>"gigamo@gmail.com", "password"=>"diablo23", "commit"=>"Log in"}
Redirected to http://localhost:3000/posts/new
Completed in 136ms (DB: 0) | 302 Found [http://localhost/user_sessions]


Processing PostsController#new (for 127.0.0.1 at 2009-12-30 23:09:02) [GET]
Rendering template within layouts/application
Rendering posts/new
Rendered posts/_form (73.3ms)
Completed in 115ms (View: 91, DB: 0) | 200 OK [http://localhost/posts/new]


Processing PostsController#index (for 127.0.0.1 at 2009-12-30 23:09:05) [GET]
Rendering template within layouts/application
Rendering posts/index
Completed in 61ms (View: 52, DB: 0) | 200 OK [http://localhost/posts]


Processing PostsController#new (for 127.0.0.1 at 2009-12-30 23:09:06) [GET]
Rendering template within layouts/application
Rendering posts/new
Rendered posts/_form (1.4ms)
Completed in 25ms (View: 3, DB: 0) | 200 OK [http://localhost/posts/new]


Processing PostsController#index (for 127.0.0.1 at 2009-12-30 23:09:08) [GET]
Rendering template within layouts/application
Rendering posts/index
Completed in 52ms (View: 44, DB: 0) | 200 OK [http://localhost/posts]


Processing PostsController#index (for 127.0.0.1 at 2009-12-30 23:11:01) [GET]
Rendering template within layouts/application
Rendering posts/index
Completed in 36ms (View: 28, DB: 0) | 200 OK [http://localhost/posts]


Processing UserSessionsController#destroy (for 127.0.0.1 at 2009-12-30 23:11:06) [DELETE]
  Parameters: {"authenticity_token"=>"dKEBh0/5ejo1uMklwhZoKZlLN0A+lJclZn0/1mtX5T4="}
Redirected to http://localhost:3000/
Completed in 2ms (DB: 0) | 302 Found [http://localhost/logout]


Processing PostsController#index (for 127.0.0.1 at 2009-12-30 23:11:06) [GET]
Rendering template within layouts/application
Rendering posts/index
Completed in 12ms (View: 2, DB: 0) | 200 OK [http://localhost/]


Processing PostsController#show (for 127.0.0.1 at 2009-12-30 23:11:11) [GET]
  Parameters: {"id"=>"4b3bc931618fca16b6000002"}
Rendering template within layouts/application
Rendering posts/show
Completed in 19ms (View: 10, DB: 0) | 200 OK [http://localhost/posts/4b3bc931618fca16b6000002]


Processing PostsController#index (for 127.0.0.1 at 2009-12-30 23:11:12) [GET]
Rendering template within layouts/application
Rendering posts/index
Completed in 10ms (View: 2, DB: 0) | 200 OK [http://localhost/posts]


Processing UsersController#new (for 127.0.0.1 at 2009-12-30 23:11:14) [GET]
Rendering template within layouts/application
Rendering users/new
Completed in 61ms (View: 15, DB: 0) | 200 OK [http://localhost/signup]


Processing UserSessionsController#new (for 127.0.0.1 at 2009-12-30 23:11:15) [GET]
Rendering template within layouts/application
Rendering user_sessions/new
Completed in 4ms (View: 2, DB: 0) | 200 OK [http://localhost/login]


Processing UserSessionsController#create (for 127.0.0.1 at 2009-12-30 23:11:16) [POST]
  Parameters: {"authenticity_token"=>"dKEBh0/5ejo1uMklwhZoKZlLN0A+lJclZn0/1mtX5T4=", "email"=>"gigamo@gmail.com", "password"=>"diablo23", "commit"=>"Log in"}
Redirected to http://localhost:3000/
Completed in 110ms (DB: 0) | 302 Found [http://localhost/user_sessions]


Processing PostsController#index (for 127.0.0.1 at 2009-12-30 23:11:17) [GET]
Rendering template within layouts/application
Rendering posts/index
Completed in 27ms (View: 18, DB: 0) | 200 OK [http://localhost/]


Processing PostsController#new (for 127.0.0.1 at 2009-12-30 23:11:18) [GET]
Rendering template within layouts/application
Rendering posts/new
Rendered posts/_form (1.4ms)
Completed in 26ms (View: 3, DB: 0) | 200 OK [http://localhost/posts/new]


Processing PostsController#index (for 127.0.0.1 at 2009-12-30 23:11:20) [GET]
Rendering template within layouts/application
Rendering posts/index
Completed in 27ms (View: 18, DB: 0) | 200 OK [http://localhost/posts]
